
ROM used:   187/8192 (2%)
            187/8192 (2%) including unused fragments

            0.3 Average locations per line
            6.0 Average locations per statement

RAM used:   6/368 (2%) at main() level
            11/368 (3%) worst case

Stack used: 0 worst case (0 in main + 0 for interrupts)
Stack size: 8

Lines Stmts  %   Files
----- ----- ---  -----
   78    31 100  duty.c
  661     0   0  ..\..\..\..\..\..\Program Files (x86)\PICC\Devices\16F877A.h
----- -----
  739    31 Total

Page ROM  %  RAM   Vol Diff  Functions:
---- --- --- ---   --- ----  ----------
0     20  11    1             @delay_ms1
0    136  73    0   702  2.4  main
0     27  14    3    42  1.1  pwm1_set
 Inline         0             @cinit1

Program metrics:
    Functions               2
    Statements              31
    Comments                136
    Volume (V)              808
    Difficulty (D)          3.7
    Effort to implement (E) 2952
    Time to implement (T)   3 minutes
    Est Delivered Bugs (B)  0
    Cyclomatic Complexity   1
    Maintainability (MI)    106

 Segment     Used  Free
-----------  ----  ----
00000-00003     4  0  
00004-007FF   183  1861  
00800-00FFF     0  2048  
01000-017FF     0  2048  
01800-01FFF     0  2048  



