
ROM used:   314/8192 (4%)
            314/8192 (4%) including unused fragments

            0.4 Average locations per line
            19.6 Average locations per statement

RAM used:   7/368 (2%) at main() level
            17/368 (5%) worst case

Stack used: 0 worst case (0 in main + 0 for interrupts)
Stack size: 8

Lines Stmts  %   Files
----- ----- ---  -----
   50    16 100  main.c
  661     0   0  ..\..\..\..\..\Program Files (x86)\PICC\Devices\16F877A.h
----- -----
  711    16 Total

Page ROM  %  RAM   Vol Diff  Functions:
---- --- --- ---   --- ----  ----------
0     20   6    1             @delay_ms1
0    106  34    1   372  2.8  main
0      5   2    0             @const629
0     88  28    5    42  1.1  @PSTRINGCN7_9600_62_63
0     91  29    9             @PRINTF_LU_9600_62_63
 Inline         0             @cinit1

Program metrics:
    Functions               2
    Statements              16
    Comments                129
    Volume (V)              472
    Difficulty (D)          3.7
    Effort to implement (E) 1727
    Time to implement (T)   2 minutes
    Est Delivered Bugs (B)  0
    Cyclomatic Complexity   1
    Maintainability (MI)    103

 Segment     Used  Free
-----------  ----  ----
00000-00003     4  0  
00004-007FF   310  1734  
00800-00FFF     0  2048  
01000-017FF     0  2048  
01800-01FFF     0  2048  



