
ROM used:   999/8192 (12%)
            999/8192 (12%) including unused fragments

            1.3 Average locations per line
            24.4 Average locations per statement

RAM used:   19/368 (5%) at main() level
            65/368 (18%) worst case

Stack used: 1 worst case (0 in main + 1 for interrupts)
Stack size: 8

Lines Stmts  %   Files
----- ----- ---  -----
   98    41 100  main.c
  661     0   0  ..\..\..\..\Program Files (x86)\PICC\Devices\16F877A.h
----- -----
  759    41 Total

Page ROM  %  RAM   Vol Diff  Functions:
---- --- --- ---   --- ----  ----------
0     20   2    1             @delay_ms1
0      9   1    0    29  1.2  tmr_int
0    370  37    4  1262  6.7  MAIN
0     29   3    2             @ITOF
0    117  12   13             @MULFF
0    321  32   16             @ADDFF
0     63   6   10             @FLT
0     23   2    5             @MUL1616
 Inline         0             @cinit1

Program metrics:
    Functions               2
    Statements              41
    Comments                135
    Volume (V)              1365
    Difficulty (D)          8.0
    Effort to implement (E) 10897
    Time to implement (T)   10 minutes
    Est Delivered Bugs (B)  0
    Cyclomatic Complexity   3
    Maintainability (MI)    96

 Segment     Used  Free
-----------  ----  ----
00000-00003     4  0  
00004-0002E    43  0  
0002F-007FF   952  1049  
00800-00FFF     0  2048  
01000-017FF     0  2048  
01800-01FFF     0  2048  



